# JRE version: Java(TM) SE Runtime Environment (8.0_74-b02) (build 1.8.0_74-b02)
# Java VM: Java HotSpot(TM) 64-Bit Server VM (25.74-b02 mixed mode windows-amd64 compressed oops)
Heap:
 PSYoungGen      total 103936K, used 12769K [0x00000000eab00000, 0x00000000f2500000, 0x0000000100000000)
  eden space 96256K, 5% used [0x00000000eab00000,0x00000000eb000568,0x00000000f0900000)
  from space 7680K, 99% used [0x00000000f0900000,0x00000000f1078270,0x00000000f1080000)
  to   space 12288K, 0% used [0x00000000f1900000,0x00000000f1900000,0x00000000f2500000)
 ParOldGen       total 86528K, used 11800K [0x00000000c0000000, 0x00000000c5480000, 0x00000000eab00000)
  object space 86528K, 13% used [0x00000000c0000000,0x00000000c0b86108,0x00000000c5480000)
 Metaspace       used 31724K, capacity 32440K, committed 32512K, reserved 1077248K
  class space    used 4387K, capacity 4590K, committed 4608K, reserved 1048576K
GC Heap History (10 events):
Event: 6.248 GC heap before
{Heap before GC invocations=2 (full 0):
 PSYoungGen      total 56320K, used 54973K [0x00000000eab00000, 0x00000000ee980000, 0x0000000100000000)
  eden space 48640K, 100% used [0x00000000eab00000,0x00000000eda80000,0x00000000eda80000)
  from space 7680K, 82% used [0x00000000eda80000,0x00000000ee0af710,0x00000000ee200000)
  to   space 7680K, 0% used [0x00000000ee200000,0x00000000ee200000,0x00000000ee980000)
 ParOldGen       total 128512K, used 8K [0x00000000c0000000, 0x00000000c7d80000, 0x00000000eab00000)
  object space 128512K, 0% used [0x00000000c0000000,0x00000000c0002000,0x00000000c7d80000)
 Metaspace       used 17742K, capacity 18138K, committed 18176K, reserved 1064960K
  class space    used 2415K, capacity 2553K, committed 2560K, reserved 1048576K
Event: 6.264 GC heap after
Heap after GC invocations=2 (full 0):
 PSYoungGen      total 56320K, used 7657K [0x00000000eab00000, 0x00000000ee980000, 0x0000000100000000)
  eden space 48640K, 0% used [0x00000000eab00000,0x00000000eab00000,0x00000000eda80000)
  from space 7680K, 99% used [0x00000000ee200000,0x00000000ee97a660,0x00000000ee980000)
  to   space 7680K, 0% used [0x00000000eda80000,0x00000000eda80000,0x00000000ee200000)
 ParOldGen       total 128512K, used 2825K [0x00000000c0000000, 0x00000000c7d80000, 0x00000000eab00000)
  object space 128512K, 2% used [0x00000000c0000000,0x00000000c02c2430,0x00000000c7d80000)
 Metaspace       used 17742K, capacity 18138K, committed 18176K, reserved 1064960K
  class space    used 2415K, capacity 2553K, committed 2560K, reserved 1048576K
}
Event: 7.599 GC heap before
{Heap before GC invocations=3 (full 0):
 PSYoungGen      total 56320K, used 31857K [0x00000000eab00000, 0x00000000ee980000, 0x0000000100000000)
  eden space 48640K, 49% used [0x00000000eab00000,0x00000000ec2a1de0,0x00000000eda80000)
  from space 7680K, 99% used [0x00000000ee200000,0x00000000ee97a660,0x00000000ee980000)
  to   space 7680K, 0% used [0x00000000eda80000,0x00000000eda80000,0x00000000ee200000)
 ParOldGen       total 128512K, used 2825K [0x00000000c0000000, 0x00000000c7d80000, 0x00000000eab00000)
  object space 128512K, 2% used [0x00000000c0000000,0x00000000c02c2430,0x00000000c7d80000)
 Metaspace       used 20796K, capacity 21154K, committed 21296K, reserved 1067008K
  class space    used 2766K, capacity 2891K, committed 2944K, reserved 1048576K
Event: 7.643 GC heap after
Heap after GC invocations=3 (full 0):
 PSYoungGen      total 56320K, used 7652K [0x00000000eab00000, 0x00000000f1900000, 0x0000000100000000)
  eden space 48640K, 0% used [0x00000000eab00000,0x00000000eab00000,0x00000000eda80000)
  from space 7680K, 99% used [0x00000000eda80000,0x00000000ee1f9140,0x00000000ee200000)
  to   space 7680K, 0% used [0x00000000f1180000,0x00000000f1180000,0x00000000f1900000)
 ParOldGen       total 128512K, used 4099K [0x00000000c0000000, 0x00000000c7d80000, 0x00000000eab00000)
  object space 128512K, 3% used [0x00000000c0000000,0x00000000c0400d68,0x00000000c7d80000)
 Metaspace       used 20796K, capacity 21154K, committed 21296K, reserved 1067008K
  class space    used 2766K, capacity 2891K, committed 2944K, reserved 1048576K
}
Event: 7.643 GC heap before
{Heap before GC invocations=4 (full 1):
 PSYoungGen      total 56320K, used 7652K [0x00000000eab00000, 0x00000000f1900000, 0x0000000100000000)
  eden space 48640K, 0% used [0x00000000eab00000,0x00000000eab00000,0x00000000eda80000)
  from space 7680K, 99% used [0x00000000eda80000,0x00000000ee1f9140,0x00000000ee200000)
  to   space 7680K, 0% used [0x00000000f1180000,0x00000000f1180000,0x00000000f1900000)
 ParOldGen       total 128512K, used 4099K [0x00000000c0000000, 0x00000000c7d80000, 0x00000000eab00000)
  object space 128512K, 3% used [0x00000000c0000000,0x00000000c0400d68,0x00000000c7d80000)
 Metaspace       used 20796K, capacity 21154K, committed 21296K, reserved 1067008K
  class space    used 2766K, capacity 2891K, committed 2944K, reserved 1048576K
Event: 7.776 GC heap after
Heap after GC invocations=4 (full 1):
 PSYoungGen      total 56320K, used 0K [0x00000000eab00000, 0x00000000f1900000, 0x0000000100000000)
  eden space 48640K, 0% used [0x00000000eab00000,0x00000000eab00000,0x00000000eda80000)
  from space 7680K, 0% used [0x00000000eda80000,0x00000000eda80000,0x00000000ee200000)
  to   space 7680K, 0% used [0x00000000f1180000,0x00000000f1180000,0x00000000f1900000)
 ParOldGen       total 86528K, used 8755K [0x00000000c0000000, 0x00000000c5480000, 0x00000000eab00000)
  object space 86528K, 10% used [0x00000000c0000000,0x00000000c088cd18,0x00000000c5480000)
 Metaspace       used 20796K, capacity 21154K, committed 21296K, reserved 1067008K
  class space    used 2766K, capacity 2891K, committed 2944K, reserved 1048576K
}
Event: 9.067 GC heap before
{Heap before GC invocations=5 (full 1):
 PSYoungGen      total 56320K, used 48640K [0x00000000eab00000, 0x00000000f1900000, 0x0000000100000000)
  eden space 48640K, 100% used [0x00000000eab00000,0x00000000eda80000,0x00000000eda80000)
  from space 7680K, 0% used [0x00000000eda80000,0x00000000eda80000,0x00000000ee200000)
  to   space 7680K, 0% used [0x00000000f1180000,0x00000000f1180000,0x00000000f1900000)
 ParOldGen       total 86528K, used 8755K [0x00000000c0000000, 0x00000000c5480000, 0x00000000eab00000)
  object space 86528K, 10% used [0x00000000c0000000,0x00000000c088cd18,0x00000000c5480000)
 Metaspace       used 25877K, capacity 26318K, committed 26368K, reserved 1073152K
  class space    used 3431K, capacity 3582K, committed 3584K, reserved 1048576K
Event: 9.082 GC heap after
Heap after GC invocations=5 (full 1):
 PSYoungGen      total 77312K, used 6381K [0x00000000eab00000, 0x00000000f1800000, 0x0000000100000000)
  eden space 70656K, 0% used [0x00000000eab00000,0x00000000eab00000,0x00000000ef000000)
  from space 6656K, 95% used [0x00000000f1180000,0x00000000f17bb450,0x00000000f1800000)
  to   space 7680K, 0% used [0x00000000f0900000,0x00000000f0900000,0x00000000f1080000)
 ParOldGen       total 86528K, used 8755K [0x00000000c0000000, 0x00000000c5480000, 0x00000000eab00000)
  object space 86528K, 10% used [0x00000000c0000000,0x00000000c088cd18,0x00000000c5480000)
 Metaspace       used 25877K, capacity 26318K, committed 26368K, reserved 1073152K
  class space    used 3431K, capacity 3582K, committed 3584K, reserved 1048576K
}
Event: 10.685 GC heap before
{Heap before GC invocations=6 (full 1):
 PSYoungGen      total 77312K, used 77037K [0x00000000eab00000, 0x00000000f1800000, 0x0000000100000000)
  eden space 70656K, 100% used [0x00000000eab00000,0x00000000ef000000,0x00000000ef000000)
  from space 6656K, 95% used [0x00000000f1180000,0x00000000f17bb450,0x00000000f1800000)
  to   space 7680K, 0% used [0x00000000f0900000,0x00000000f0900000,0x00000000f1080000)
 ParOldGen       total 86528K, used 8755K [0x00000000c0000000, 0x00000000c5480000, 0x00000000eab00000)
  object space 86528K, 10% used [0x00000000c0000000,0x00000000c088cd18,0x00000000c5480000)
 Metaspace       used 31206K, capacity 31864K, committed 32128K, reserved 1077248K
  class space    used 4292K, capacity 4462K, committed 4480K, reserved 1048576K
Event: 10.699 GC heap after
Heap after GC invocations=6 (full 1):
 PSYoungGen      total 103936K, used 7648K [0x00000000eab00000, 0x00000000f2500000, 0x0000000100000000)
  eden space 96256K, 0% used [0x00000000eab00000,0x00000000eab00000,0x00000000f0900000)
  from space 7680K, 99% used [0x00000000f0900000,0x00000000f1078270,0x00000000f1080000)
  to   space 12288K, 0% used [0x00000000f1900000,0x00000000f1900000,0x00000000f2500000)
 ParOldGen       total 86528K, used 11800K [0x00000000c0000000, 0x00000000c5480000, 0x00000000eab00000)
  object space 86528K, 13% used [0x00000000c0000000,0x00000000c0b86108,0x00000000c5480000)
 Metaspace       used 31206K, capacity 31864K, committed 32128K, reserved 1077248K
  class space    used 4292K, capacity 4462K, committed 4480K, reserved 1048576K
}

